<?xml version="1.0" encoding="UTF-8" ?>
<testsuites>
  <testsuite errors="0" failures="0" id="0" name="ActiveCodeRunnerTest" package="edu.washington.cs.activedht.code" tests="1" time="1.423">
  
    <properties>
[...]
</properties>

      <testcase classname="edu.washington.cs.activedht.code.ActiveCodeRunnerTest" name="testOnInitialPutOnGet" time="1.099"></testcase>

      <system-out><![CDATA[OnInitialPut()
]]></system-out>

      <system-err></system-err>

  </testsuite>
  <testsuite errors="0" failures="0" id="1" name="ActiveCodeSandboxTest" package="edu.washington.cs.activedht.code.insecure" tests="2" time="1.088">
  
    <properties>
[...]
</properties>

      <testcase classname="edu.washington.cs.activedht.code.insecure.ActiveCodeSandboxTest" name="testSandboxWithNiceComputation" time="0.034"></testcase>

      <testcase classname="edu.washington.cs.activedht.code.insecure.ActiveCodeSandboxTest" name="testSandboxTimesOutForTooLongComputation" time="1.0"></testcase>

      <system-out></system-out>

      <system-err></system-err>

  </testsuite>
  <testsuite errors="0" failures="0" id="2" name="DHTEventHandlerCallbackTest" package="edu.washington.cs.activedht.code.insecure" tests="1" time="0.149">
  
    <properties>
[...]
</properties>

      <testcase classname="edu.washington.cs.activedht.code.insecure.DHTEventHandlerCallbackTest" name="testHandler" time="0.072"></testcase>

      <system-out></system-out>

      <system-err></system-err>

  </testsuite>
  <testsuite errors="0" failures="0" id="3" name="DHTActionListTest" package="edu.washington.cs.activedht.code.insecure.dhtaction" tests="2" time="0.061">
  
    <properties>
[...]
</properties>

      <testcase classname="edu.washington.cs.activedht.code.insecure.dhtaction.DHTActionListTest" name="testAddToListStopsAddingAtLimit" time="0.0080"></testcase>

      <testcase classname="edu.washington.cs.activedht.code.insecure.dhtaction.DHTActionListTest" name="testAddToListFailsWhenTryingToAddBadPreactionType" time="0.0"></testcase>

      <system-out></system-out>

      <system-err></system-err>

  </testsuite>
  <testsuite errors="0" failures="0" id="4" name="DHTActionMapTest" package="edu.washington.cs.activedht.code.insecure.dhtaction" tests="2" time="0.064">
  
    <properties>
[...]
</properties>

      <testcase classname="edu.washington.cs.activedht.code.insecure.dhtaction.DHTActionMapTest" name="testAddToListStopsAddingAtLimit" time="0.01"></testcase>

      <testcase classname="edu.washington.cs.activedht.code.insecure.dhtaction.DHTActionMapTest" name="testAddToListFailsWhenTryingToAddBadPreactionType" time="0.0"></testcase>

      <system-out></system-out>

      <system-err></system-err>

  </testsuite>
  <testsuite errors="0" failures="0" id="5" name="ClassObjectInputOutputStreamTest" package="edu.washington.cs.activedht.code.insecure.io" tests="1" time="0.158">
  
    <properties>
[...]
</properties>

      <testcase classname="edu.washington.cs.activedht.code.insecure.io.ClassObjectInputOutputStreamTest" name="testCorrectInOutMustSerializeClass" time="0.102"></testcase>

      <system-out></system-out>

      <system-err></system-err>

  </testsuite>
  <testsuite errors="0" failures="0" id="6" name="ClassObjectInputStreamTest" package="edu.washington.cs.activedht.code.insecure.io" tests="2" time="0.1">
  
    <properties>
[...]
</properties>

      <testcase classname="edu.washington.cs.activedht.code.insecure.io.ClassObjectInputStreamTest" name="testReadWorksForLocallyUnknownClass" time="0.049"></testcase>

      <testcase classname="edu.washington.cs.activedht.code.insecure.io.ClassObjectInputStreamTest" name="testReadFailsForUnknownClassWhenRegularInputStreamUsed" time="0.0020"></testcase>

      <system-out></system-out>

      <system-err></system-err>

  </testsuite>
  <testsuite errors="0" failures="0" id="7" name="InputStreamSecureClassLoaderTest" package="edu.washington.cs.activedht.code.insecure.io" tests="1" time="2.3">
  
    <properties>
[...]
</properties>

      <testcase classname="edu.washington.cs.activedht.code.insecure.io.InputStreamSecureClassLoaderTest" name="testLoadsClassFromBuffer" time="2.247"></testcase>

      <system-out></system-out>

      <system-err></system-err>

  </testsuite>
</testsuites>
